<testsuites id="" name="" tests="9" failures="0" skipped="0" errors="0" time="34.860811">
<testsuite name="apiNavigationMenu.spec.js" timestamp="2025-07-28T15:51:49.971Z" hostname="chromium" tests="4" failures="0" skipped="0" time="3.277" errors="0">
<testcase name="ODREDI IME POSLE" classname="apiNavigationMenu.spec.js" time="2.31">
<system-out>
<![CDATA[
[[ATTACHMENT|..\test-results\apiNavigationMenu-ODREDI-IME-POSLE-chromium\test-finished-1.png]]
]]>
</system-out>
</testcase>
<testcase name="login with wrong password" classname="apiNavigationMenu.spec.js" time="0.429">
<system-out>
<![CDATA[
[[ATTACHMENT|..\test-results\apiNavigationMenu-login-with-wrong-password-chromium\test-finished-1.png]]
]]>
</system-out>
</testcase>
<testcase name="login with wrong username" classname="apiNavigationMenu.spec.js" time="0.244">
<system-out>
<![CDATA[
[[ATTACHMENT|..\test-results\apiNavigationMenu-login-with-wrong-username-chromium\test-finished-1.png]]
]]>
</system-out>
</testcase>
<testcase name="Succesfull login" classname="apiNavigationMenu.spec.js" time="0.294">
<system-out>
<![CDATA[
[[ATTACHMENT|..\test-results\apiNavigationMenu-Succesfull-login-chromium\test-finished-1.png]]
]]>
</system-out>
</testcase>
</testsuite>
<testsuite name="navigationMenu.spec.js" timestamp="2025-07-28T15:51:49.971Z" hostname="chromium" tests="5" failures="0" skipped="0" time="29.835" errors="0">
<testcase name="Assert if navigation menu is available and all the buttons in it" classname="navigationMenu.spec.js" time="5.558">
<system-out>
<![CDATA[
[[ATTACHMENT|..\test-results\navigationMenu-Assert-if-n-3b26a-e-and-all-the-buttons-in-it-chromium\test-finished-1.png]]
]]>
</system-out>
</testcase>
<testcase name="Check button functionality" classname="navigationMenu.spec.js" time="8.413">
<system-out>
<![CDATA[
[[ATTACHMENT|..\test-results\navigationMenu-Check-button-functionality-chromium\test-finished-1.png]]
]]>
</system-out>
</testcase>
<testcase name="Successful login" classname="navigationMenu.spec.js" time="7.095">
<system-out>
<![CDATA[
[[ATTACHMENT|..\test-results\navigationMenu-Successful-login-chromium\test-finished-1.png]]
]]>
</system-out>
</testcase>
<testcase name="Unsuccesful login - try to login with invalid password" classname="navigationMenu.spec.js" time="4.52">
<system-out>
<![CDATA[
[[ATTACHMENT|..\test-results\navigationMenu-Unsuccesful-f5374-login-with-invalid-password-chromium\test-finished-1.png]]
]]>
</system-out>
</testcase>
<testcase name="Unsuccesful login - invalid username" classname="navigationMenu.spec.js" time="4.249">
<system-out>
<![CDATA[
[[ATTACHMENT|..\test-results\navigationMenu-Unsuccesful-login---invalid-username-chromium\test-finished-1.png]]
]]>
</system-out>
</testcase>
</testsuite>
</testsuites>